2022-32-14-07:32:24 - Starting VehicleLoanAppDemoApplication using Java 17.0.2 on LAPTOP-TI39FF3P with PID 19584 (C:\Users\manob\workspace-spring-tool-suite-4-4.14.0.RELEASE\VehicleLoanAppDemo\target\classes started by manob in C:\Users\manob\workspace-spring-tool-suite-4-4.14.0.RELEASE\VehicleLoanAppDemo)
2022-32-14-07:32:24 - No active profile set, falling back to default profiles: default
2022-32-14-07:32:24 - Devtools property defaults active! Set 'spring.devtools.add-properties' to 'false' to disable
2022-32-14-07:32:24 - For additional web related logging consider setting the 'logging.level.web' property to 'DEBUG'
2022-32-14-07:32:25 - Bootstrapping Spring Data JPA repositories in DEFAULT mode.
2022-32-14-07:32:25 - Finished Spring Data repository scanning in 44 ms. Found 2 JPA repository interfaces.
2022-32-14-07:32:26 - Tomcat initialized with port(s): 8234 (http)
2022-32-14-07:32:26 - Starting service [Tomcat]
2022-32-14-07:32:26 - Starting Servlet engine: [Apache Tomcat/9.0.48]
2022-32-14-07:32:26 - Initializing Spring embedded WebApplicationContext
2022-32-14-07:32:26 - Root WebApplicationContext: initialization completed in 1830 ms
2022-32-14-07:32:26 - HHH000204: Processing PersistenceUnitInfo [name: default]
2022-32-14-07:32:26 - HHH000412: Hibernate ORM core version 5.4.32.Final
2022-32-14-07:32:26 - HCANN000001: Hibernate Commons Annotations {5.1.2.Final}
2022-32-14-07:32:26 - HikariPool-1 - Starting...
2022-32-14-07:32:26 - HikariPool-1 - Start completed.
2022-32-14-07:32:26 - HHH000400: Using dialect: org.hibernate.dialect.PostgreSQLDialect
2022-32-14-07:32:27 - HHH000490: Using JtaPlatform implementation: [org.hibernate.engine.transaction.jta.platform.internal.NoJtaPlatform]
2022-32-14-07:32:27 - Initialized JPA EntityManagerFactory for persistence unit 'default'
2022-32-14-07:32:28 - spring.jpa.open-in-view is enabled by default. Therefore, database queries may be performed during view rendering. Explicitly configure spring.jpa.open-in-view to disable this warning
2022-32-14-07:32:28 - Mapped URL path [/v2/api-docs] onto method [springfox.documentation.swagger2.web.Swagger2Controller#getDocumentation(String, HttpServletRequest)]
2022-32-14-07:32:28 - LiveReload server is running on port 35729
2022-32-14-07:32:28 - Tomcat started on port(s): 8234 (http) with context path ''
2022-32-14-07:32:28 - Context refreshed
2022-32-14-07:32:28 - Found 1 custom documentation plugin(s)
2022-32-14-07:32:28 - Scanning for api listing references
2022-32-14-07:32:28 - Started VehicleLoanAppDemoApplication in 4.741 seconds (JVM running for 5.698)
2022-34-14-07:34:30 - Application shutdown requested.
2022-34-14-07:34:30 - Closing JPA EntityManagerFactory for persistence unit 'default'
2022-34-14-07:34:30 - HikariPool-1 - Shutdown initiated...
2022-34-14-07:34:30 - HikariPool-1 - Shutdown completed.
2022-37-14-07:37:18 - Starting VehicleLoanAppDemoApplication using Java 17.0.2 on LAPTOP-TI39FF3P with PID 19248 (C:\Users\manob\workspace-spring-tool-suite-4-4.14.0.RELEASE\VehicleLoanAppDemo\target\classes started by manob in C:\Users\manob\workspace-spring-tool-suite-4-4.14.0.RELEASE\VehicleLoanAppDemo)
2022-37-14-07:37:18 - No active profile set, falling back to default profiles: default
2022-37-14-07:37:18 - Devtools property defaults active! Set 'spring.devtools.add-properties' to 'false' to disable
2022-37-14-07:37:18 - For additional web related logging consider setting the 'logging.level.web' property to 'DEBUG'
2022-37-14-07:37:19 - Bootstrapping Spring Data JPA repositories in DEFAULT mode.
2022-37-14-07:37:19 - Finished Spring Data repository scanning in 39 ms. Found 2 JPA repository interfaces.
2022-37-14-07:37:19 - Tomcat initialized with port(s): 8234 (http)
2022-37-14-07:37:19 - Starting service [Tomcat]
2022-37-14-07:37:19 - Starting Servlet engine: [Apache Tomcat/9.0.48]
2022-37-14-07:37:19 - Initializing Spring embedded WebApplicationContext
2022-37-14-07:37:19 - Root WebApplicationContext: initialization completed in 1414 ms
2022-37-14-07:37:19 - HHH000204: Processing PersistenceUnitInfo [name: default]
2022-37-14-07:37:19 - HHH000412: Hibernate ORM core version 5.4.32.Final
2022-37-14-07:37:20 - HCANN000001: Hibernate Commons Annotations {5.1.2.Final}
2022-37-14-07:37:20 - HikariPool-1 - Starting...
2022-37-14-07:37:20 - HikariPool-1 - Start completed.
2022-37-14-07:37:20 - HHH000400: Using dialect: org.hibernate.dialect.PostgreSQLDialect
2022-37-14-07:37:21 - HHH000490: Using JtaPlatform implementation: [org.hibernate.engine.transaction.jta.platform.internal.NoJtaPlatform]
2022-37-14-07:37:21 - Initialized JPA EntityManagerFactory for persistence unit 'default'
2022-37-14-07:37:21 - spring.jpa.open-in-view is enabled by default. Therefore, database queries may be performed during view rendering. Explicitly configure spring.jpa.open-in-view to disable this warning
2022-37-14-07:37:21 - Mapped URL path [/v2/api-docs] onto method [springfox.documentation.swagger2.web.Swagger2Controller#getDocumentation(String, HttpServletRequest)]
2022-37-14-07:37:21 - LiveReload server is running on port 35729
2022-37-14-07:37:22 - Tomcat started on port(s): 8234 (http) with context path ''
2022-37-14-07:37:22 - Context refreshed
2022-37-14-07:37:22 - Found 1 custom documentation plugin(s)
2022-37-14-07:37:22 - Scanning for api listing references
2022-37-14-07:37:22 - Started VehicleLoanAppDemoApplication in 4.208 seconds (JVM running for 4.959)
2022-41-14-07:41:23 - Application shutdown requested.
2022-41-14-07:41:23 - Closing JPA EntityManagerFactory for persistence unit 'default'
2022-41-14-07:41:23 - HikariPool-1 - Shutdown initiated...
2022-41-14-07:41:23 - HikariPool-1 - Shutdown completed.
2022-34-14-09:34:30 - Starting VehicleLoanAppDemoApplication using Java 17.0.2 on LAPTOP-TI39FF3P with PID 15760 (C:\Users\manob\workspace-spring-tool-suite-4-4.14.0.RELEASE\VehicleLoanAppDemo\target\classes started by manob in C:\Users\manob\workspace-spring-tool-suite-4-4.14.0.RELEASE\VehicleLoanAppDemo)
2022-34-14-09:34:30 - No active profile set, falling back to default profiles: default
2022-34-14-09:34:30 - Devtools property defaults active! Set 'spring.devtools.add-properties' to 'false' to disable
2022-34-14-09:34:30 - For additional web related logging consider setting the 'logging.level.web' property to 'DEBUG'
2022-34-14-09:34:31 - Bootstrapping Spring Data JPA repositories in DEFAULT mode.
2022-34-14-09:34:31 - Finished Spring Data repository scanning in 46 ms. Found 2 JPA repository interfaces.
2022-34-14-09:34:32 - Tomcat initialized with port(s): 8234 (http)
2022-34-14-09:34:32 - Starting service [Tomcat]
2022-34-14-09:34:32 - Starting Servlet engine: [Apache Tomcat/9.0.48]
2022-34-14-09:34:32 - Initializing Spring embedded WebApplicationContext
2022-34-14-09:34:32 - Root WebApplicationContext: initialization completed in 2013 ms
2022-34-14-09:34:32 - HHH000204: Processing PersistenceUnitInfo [name: default]
2022-34-14-09:34:32 - HHH000412: Hibernate ORM core version 5.4.32.Final
2022-34-14-09:34:33 - HCANN000001: Hibernate Commons Annotations {5.1.2.Final}
2022-34-14-09:34:33 - HikariPool-1 - Starting...
2022-34-14-09:34:33 - HikariPool-1 - Start completed.
2022-34-14-09:34:33 - HHH000400: Using dialect: org.hibernate.dialect.PostgreSQLDialect
2022-34-14-09:34:34 - HHH000490: Using JtaPlatform implementation: [org.hibernate.engine.transaction.jta.platform.internal.NoJtaPlatform]
2022-34-14-09:34:34 - Initialized JPA EntityManagerFactory for persistence unit 'default'
2022-34-14-09:34:34 - spring.jpa.open-in-view is enabled by default. Therefore, database queries may be performed during view rendering. Explicitly configure spring.jpa.open-in-view to disable this warning
2022-34-14-09:34:35 - Mapped URL path [/v2/api-docs] onto method [springfox.documentation.swagger2.web.Swagger2Controller#getDocumentation(String, HttpServletRequest)]
2022-34-14-09:34:35 - LiveReload server is running on port 35729
2022-34-14-09:34:35 - Tomcat started on port(s): 8234 (http) with context path ''
2022-34-14-09:34:35 - Context refreshed
2022-34-14-09:34:35 - Found 1 custom documentation plugin(s)
2022-34-14-09:34:35 - Scanning for api listing references
2022-34-14-09:34:35 - Started VehicleLoanAppDemoApplication in 5.29 seconds (JVM running for 6.009)
2022-34-14-09:34:51 - Initializing Spring DispatcherServlet 'dispatcherServlet'
2022-34-14-09:34:51 - Initializing Servlet 'dispatcherServlet'
2022-34-14-09:34:51 - Completed initialization in 2 ms
2022-35-14-09:35:27 - Application shutdown requested.
2022-35-14-09:35:27 - Closing JPA EntityManagerFactory for persistence unit 'default'
2022-35-14-09:35:27 - HikariPool-1 - Shutdown initiated...
2022-35-14-09:35:27 - HikariPool-1 - Shutdown completed.
2022-07-14-10:07:03 - Starting VehicleLoanAppDemoApplication using Java 17.0.2 on LAPTOP-TI39FF3P with PID 8916 (C:\Users\manob\workspace-spring-tool-suite-4-4.14.0.RELEASE\VehicleLoanAppDemo\target\classes started by manob in C:\Users\manob\workspace-spring-tool-suite-4-4.14.0.RELEASE\VehicleLoanAppDemo)
2022-07-14-10:07:03 - No active profile set, falling back to default profiles: default
2022-07-14-10:07:03 - Devtools property defaults active! Set 'spring.devtools.add-properties' to 'false' to disable
2022-07-14-10:07:03 - For additional web related logging consider setting the 'logging.level.web' property to 'DEBUG'
2022-07-14-10:07:04 - Bootstrapping Spring Data JPA repositories in DEFAULT mode.
2022-07-14-10:07:04 - Finished Spring Data repository scanning in 54 ms. Found 2 JPA repository interfaces.
2022-07-14-10:07:04 - Tomcat initialized with port(s): 8234 (http)
2022-07-14-10:07:04 - Starting service [Tomcat]
2022-07-14-10:07:04 - Starting Servlet engine: [Apache Tomcat/9.0.48]
2022-07-14-10:07:05 - Initializing Spring embedded WebApplicationContext
2022-07-14-10:07:05 - Root WebApplicationContext: initialization completed in 1774 ms
2022-07-14-10:07:05 - HHH000204: Processing PersistenceUnitInfo [name: default]
2022-07-14-10:07:05 - HHH000412: Hibernate ORM core version 5.4.32.Final
2022-07-14-10:07:05 - HCANN000001: Hibernate Commons Annotations {5.1.2.Final}
2022-07-14-10:07:05 - HikariPool-1 - Starting...
2022-07-14-10:07:05 - HikariPool-1 - Start completed.
2022-07-14-10:07:05 - HHH000400: Using dialect: org.hibernate.dialect.PostgreSQLDialect
2022-07-14-10:07:06 - HHH000490: Using JtaPlatform implementation: [org.hibernate.engine.transaction.jta.platform.internal.NoJtaPlatform]
2022-07-14-10:07:06 - Initialized JPA EntityManagerFactory for persistence unit 'default'
2022-07-14-10:07:07 - spring.jpa.open-in-view is enabled by default. Therefore, database queries may be performed during view rendering. Explicitly configure spring.jpa.open-in-view to disable this warning
2022-07-14-10:07:07 - Mapped URL path [/v2/api-docs] onto method [springfox.documentation.swagger2.web.Swagger2Controller#getDocumentation(String, HttpServletRequest)]
2022-07-14-10:07:07 - LiveReload server is running on port 35729
2022-07-14-10:07:07 - Tomcat started on port(s): 8234 (http) with context path ''
2022-07-14-10:07:07 - Context refreshed
2022-07-14-10:07:07 - Found 1 custom documentation plugin(s)
2022-07-14-10:07:07 - Scanning for api listing references
2022-07-14-10:07:08 - Started VehicleLoanAppDemoApplication in 5.333 seconds (JVM running for 6.21)
2022-07-14-10:07:15 - Initializing Spring DispatcherServlet 'dispatcherServlet'
2022-07-14-10:07:15 - Initializing Servlet 'dispatcherServlet'
2022-07-14-10:07:15 - Completed initialization in 1 ms
2022-11-14-10:11:05 - Closing JPA EntityManagerFactory for persistence unit 'default'
2022-11-14-10:11:05 - HikariPool-1 - Shutdown initiated...
2022-11-14-10:11:05 - HikariPool-1 - Shutdown completed.
2022-11-14-10:11:05 - Starting VehicleLoanAppDemoApplication using Java 17.0.2 on LAPTOP-TI39FF3P with PID 8916 (C:\Users\manob\workspace-spring-tool-suite-4-4.14.0.RELEASE\VehicleLoanAppDemo\target\classes started by manob in C:\Users\manob\workspace-spring-tool-suite-4-4.14.0.RELEASE\VehicleLoanAppDemo)
2022-11-14-10:11:05 - No active profile set, falling back to default profiles: default
2022-11-14-10:11:05 - Bootstrapping Spring Data JPA repositories in DEFAULT mode.
2022-11-14-10:11:05 - Finished Spring Data repository scanning in 12 ms. Found 2 JPA repository interfaces.
2022-11-14-10:11:05 - Tomcat initialized with port(s): 8234 (http)
2022-11-14-10:11:05 - Starting service [Tomcat]
2022-11-14-10:11:05 - Starting Servlet engine: [Apache Tomcat/9.0.48]
2022-11-14-10:11:05 - Initializing Spring embedded WebApplicationContext
2022-11-14-10:11:05 - Root WebApplicationContext: initialization completed in 387 ms
2022-11-14-10:11:05 - HHH000204: Processing PersistenceUnitInfo [name: default]
2022-11-14-10:11:05 - HikariPool-2 - Starting...
2022-11-14-10:11:06 - HikariPool-2 - Start completed.
2022-11-14-10:11:06 - HHH000400: Using dialect: org.hibernate.dialect.PostgreSQLDialect
2022-11-14-10:11:06 - HHH000490: Using JtaPlatform implementation: [org.hibernate.engine.transaction.jta.platform.internal.NoJtaPlatform]
2022-11-14-10:11:06 - Initialized JPA EntityManagerFactory for persistence unit 'default'
2022-11-14-10:11:06 - spring.jpa.open-in-view is enabled by default. Therefore, database queries may be performed during view rendering. Explicitly configure spring.jpa.open-in-view to disable this warning
2022-11-14-10:11:06 - Mapped URL path [/v2/api-docs] onto method [springfox.documentation.swagger2.web.Swagger2Controller#getDocumentation(String, HttpServletRequest)]
2022-11-14-10:11:06 - LiveReload server is running on port 35729
2022-11-14-10:11:06 - Tomcat started on port(s): 8234 (http) with context path ''
2022-11-14-10:11:06 - Context refreshed
2022-11-14-10:11:06 - Found 1 custom documentation plugin(s)
2022-11-14-10:11:06 - Scanning for api listing references
2022-11-14-10:11:06 - Started VehicleLoanAppDemoApplication in 1.421 seconds (JVM running for 244.965)
2022-11-14-10:11:06 - Condition evaluation unchanged
2022-11-14-10:11:10 - Application shutdown requested.
2022-11-14-10:11:10 - Closing JPA EntityManagerFactory for persistence unit 'default'
2022-11-14-10:11:10 - HikariPool-2 - Shutdown initiated...
2022-11-14-10:11:10 - HikariPool-2 - Shutdown completed.
2022-45-14-10:45:29 - Starting VehicleLoanAppDemoApplication using Java 17.0.2 on LAPTOP-TI39FF3P with PID 19092 (C:\Users\manob\workspace-spring-tool-suite-4-4.14.0.RELEASE\VehicleLoanAppDemo\target\classes started by manob in C:\Users\manob\workspace-spring-tool-suite-4-4.14.0.RELEASE\VehicleLoanAppDemo)
2022-45-14-10:45:29 - No active profile set, falling back to default profiles: default
2022-45-14-10:45:29 - Devtools property defaults active! Set 'spring.devtools.add-properties' to 'false' to disable
2022-45-14-10:45:29 - For additional web related logging consider setting the 'logging.level.web' property to 'DEBUG'
2022-45-14-10:45:32 - Bootstrapping Spring Data JPA repositories in DEFAULT mode.
2022-45-14-10:45:32 - Finished Spring Data repository scanning in 218 ms. Found 2 JPA repository interfaces.
2022-45-14-10:45:34 - Tomcat initialized with port(s): 8234 (http)
2022-45-14-10:45:34 - Starting service [Tomcat]
2022-45-14-10:45:34 - Starting Servlet engine: [Apache Tomcat/9.0.48]
2022-45-14-10:45:34 - Initializing Spring embedded WebApplicationContext
2022-45-14-10:45:34 - Root WebApplicationContext: initialization completed in 4423 ms
2022-45-14-10:45:34 - HHH000204: Processing PersistenceUnitInfo [name: default]
2022-45-14-10:45:34 - HHH000412: Hibernate ORM core version 5.4.32.Final
2022-45-14-10:45:35 - HCANN000001: Hibernate Commons Annotations {5.1.2.Final}
2022-45-14-10:45:35 - HikariPool-1 - Starting...
2022-45-14-10:45:35 - HikariPool-1 - Start completed.
2022-45-14-10:45:35 - HHH000400: Using dialect: org.hibernate.dialect.PostgreSQLDialect
2022-45-14-10:45:37 - HHH000490: Using JtaPlatform implementation: [org.hibernate.engine.transaction.jta.platform.internal.NoJtaPlatform]
2022-45-14-10:45:37 - Initialized JPA EntityManagerFactory for persistence unit 'default'
2022-45-14-10:45:38 - spring.jpa.open-in-view is enabled by default. Therefore, database queries may be performed during view rendering. Explicitly configure spring.jpa.open-in-view to disable this warning
2022-45-14-10:45:38 - Mapped URL path [/v2/api-docs] onto method [springfox.documentation.swagger2.web.Swagger2Controller#getDocumentation(String, HttpServletRequest)]
2022-45-14-10:45:38 - LiveReload server is running on port 35729
2022-45-14-10:45:39 - Tomcat started on port(s): 8234 (http) with context path ''
2022-45-14-10:45:39 - Context refreshed
2022-45-14-10:45:39 - Found 1 custom documentation plugin(s)
2022-45-14-10:45:39 - Scanning for api listing references
2022-45-14-10:45:39 - Started VehicleLoanAppDemoApplication in 10.694 seconds (JVM running for 12.297)
2022-45-14-10:45:46 - Initializing Spring DispatcherServlet 'dispatcherServlet'
2022-45-14-10:45:46 - Initializing Servlet 'dispatcherServlet'
2022-45-14-10:45:46 - Completed initialization in 2 ms
2022-47-14-10:47:51 - Closing JPA EntityManagerFactory for persistence unit 'default'
2022-47-14-10:47:51 - HikariPool-1 - Shutdown initiated...
2022-47-14-10:47:51 - HikariPool-1 - Shutdown completed.
2022-47-14-10:47:51 - Starting VehicleLoanAppDemoApplication using Java 17.0.2 on LAPTOP-TI39FF3P with PID 19092 (C:\Users\manob\workspace-spring-tool-suite-4-4.14.0.RELEASE\VehicleLoanAppDemo\target\classes started by manob in C:\Users\manob\workspace-spring-tool-suite-4-4.14.0.RELEASE\VehicleLoanAppDemo)
2022-47-14-10:47:51 - No active profile set, falling back to default profiles: default
2022-47-14-10:47:52 - Bootstrapping Spring Data JPA repositories in DEFAULT mode.
2022-47-14-10:47:52 - Finished Spring Data repository scanning in 23 ms. Found 2 JPA repository interfaces.
2022-47-14-10:47:52 - Tomcat initialized with port(s): 8234 (http)
2022-47-14-10:47:52 - Starting service [Tomcat]
2022-47-14-10:47:52 - Starting Servlet engine: [Apache Tomcat/9.0.48]
2022-47-14-10:47:52 - Initializing Spring embedded WebApplicationContext
2022-47-14-10:47:52 - Root WebApplicationContext: initialization completed in 909 ms
2022-47-14-10:47:52 - HHH000204: Processing PersistenceUnitInfo [name: default]
2022-47-14-10:47:52 - HikariPool-2 - Starting...
2022-47-14-10:47:53 - HikariPool-2 - Start completed.
2022-47-14-10:47:53 - HHH000400: Using dialect: org.hibernate.dialect.PostgreSQLDialect
2022-47-14-10:47:53 - HHH000490: Using JtaPlatform implementation: [org.hibernate.engine.transaction.jta.platform.internal.NoJtaPlatform]
2022-47-14-10:47:53 - Initialized JPA EntityManagerFactory for persistence unit 'default'
2022-47-14-10:47:53 - spring.jpa.open-in-view is enabled by default. Therefore, database queries may be performed during view rendering. Explicitly configure spring.jpa.open-in-view to disable this warning
2022-47-14-10:47:54 - Mapped URL path [/v2/api-docs] onto method [springfox.documentation.swagger2.web.Swagger2Controller#getDocumentation(String, HttpServletRequest)]
2022-47-14-10:47:54 - LiveReload server is running on port 35729
2022-47-14-10:47:54 - Tomcat started on port(s): 8234 (http) with context path ''
2022-47-14-10:47:54 - Context refreshed
2022-47-14-10:47:54 - Found 1 custom documentation plugin(s)
2022-47-14-10:47:54 - Scanning for api listing references
2022-47-14-10:47:54 - Started VehicleLoanAppDemoApplication in 2.463 seconds (JVM running for 147.111)
2022-47-14-10:47:54 - Condition evaluation unchanged
2022-47-14-10:47:57 - Application shutdown requested.
2022-47-14-10:47:57 - Closing JPA EntityManagerFactory for persistence unit 'default'
2022-47-14-10:47:57 - HikariPool-2 - Shutdown initiated...
2022-47-14-10:47:57 - HikariPool-2 - Shutdown completed.
2022-48-14-10:48:08 - Starting VehicleLoanAppDemoApplication using Java 17.0.2 on LAPTOP-TI39FF3P with PID 18964 (C:\Users\manob\workspace-spring-tool-suite-4-4.14.0.RELEASE\VehicleLoanAppDemo\target\classes started by manob in C:\Users\manob\workspace-spring-tool-suite-4-4.14.0.RELEASE\VehicleLoanAppDemo)
2022-48-14-10:48:08 - No active profile set, falling back to default profiles: default
2022-48-14-10:48:08 - Devtools property defaults active! Set 'spring.devtools.add-properties' to 'false' to disable
2022-48-14-10:48:08 - For additional web related logging consider setting the 'logging.level.web' property to 'DEBUG'
2022-48-14-10:48:10 - Bootstrapping Spring Data JPA repositories in DEFAULT mode.
2022-48-14-10:48:10 - Finished Spring Data repository scanning in 79 ms. Found 2 JPA repository interfaces.
2022-48-14-10:48:12 - Tomcat initialized with port(s): 8234 (http)
2022-48-14-10:48:12 - Starting service [Tomcat]
2022-48-14-10:48:12 - Starting Servlet engine: [Apache Tomcat/9.0.48]
2022-48-14-10:48:12 - Initializing Spring embedded WebApplicationContext
2022-48-14-10:48:12 - Root WebApplicationContext: initialization completed in 3381 ms
2022-48-14-10:48:12 - HHH000204: Processing PersistenceUnitInfo [name: default]
2022-48-14-10:48:12 - HHH000412: Hibernate ORM core version 5.4.32.Final
2022-48-14-10:48:13 - HCANN000001: Hibernate Commons Annotations {5.1.2.Final}
2022-48-14-10:48:13 - HikariPool-1 - Starting...
2022-48-14-10:48:13 - HikariPool-1 - Start completed.
2022-48-14-10:48:13 - HHH000400: Using dialect: org.hibernate.dialect.PostgreSQLDialect
2022-48-14-10:48:15 - HHH000490: Using JtaPlatform implementation: [org.hibernate.engine.transaction.jta.platform.internal.NoJtaPlatform]
2022-48-14-10:48:15 - Initialized JPA EntityManagerFactory for persistence unit 'default'
2022-48-14-10:48:16 - spring.jpa.open-in-view is enabled by default. Therefore, database queries may be performed during view rendering. Explicitly configure spring.jpa.open-in-view to disable this warning
2022-48-14-10:48:16 - Mapped URL path [/v2/api-docs] onto method [springfox.documentation.swagger2.web.Swagger2Controller#getDocumentation(String, HttpServletRequest)]
2022-48-14-10:48:17 - LiveReload server is running on port 35729
2022-48-14-10:48:17 - Tomcat started on port(s): 8234 (http) with context path ''
2022-48-14-10:48:17 - Context refreshed
2022-48-14-10:48:17 - Found 1 custom documentation plugin(s)
2022-48-14-10:48:17 - Scanning for api listing references
2022-48-14-10:48:17 - Started VehicleLoanAppDemoApplication in 9.609 seconds (JVM running for 11.071)
2022-48-14-10:48:29 - Initializing Spring DispatcherServlet 'dispatcherServlet'
2022-48-14-10:48:29 - Initializing Servlet 'dispatcherServlet'
2022-48-14-10:48:29 - Completed initialization in 7 ms
2022-49-14-10:49:03 - Application shutdown requested.
2022-49-14-10:49:03 - Closing JPA EntityManagerFactory for persistence unit 'default'
2022-49-14-10:49:03 - HikariPool-1 - Shutdown initiated...
2022-49-14-10:49:03 - HikariPool-1 - Shutdown completed.
2022-51-14-10:51:15 - Starting VehicleLoanAppDemoApplication using Java 17.0.2 on LAPTOP-TI39FF3P with PID 4204 (C:\Users\manob\workspace-spring-tool-suite-4-4.14.0.RELEASE\VehicleLoanAppDemo\target\classes started by manob in C:\Users\manob\workspace-spring-tool-suite-4-4.14.0.RELEASE\VehicleLoanAppDemo)
2022-51-14-10:51:15 - No active profile set, falling back to default profiles: default
2022-51-14-10:51:15 - Devtools property defaults active! Set 'spring.devtools.add-properties' to 'false' to disable
2022-51-14-10:51:15 - For additional web related logging consider setting the 'logging.level.web' property to 'DEBUG'
2022-51-14-10:51:18 - Bootstrapping Spring Data JPA repositories in DEFAULT mode.
2022-51-14-10:51:18 - Finished Spring Data repository scanning in 181 ms. Found 2 JPA repository interfaces.
2022-51-14-10:51:20 - Tomcat initialized with port(s): 8234 (http)
2022-51-14-10:51:20 - Starting service [Tomcat]
2022-51-14-10:51:20 - Starting Servlet engine: [Apache Tomcat/9.0.48]
2022-51-14-10:51:20 - Initializing Spring embedded WebApplicationContext
2022-51-14-10:51:20 - Root WebApplicationContext: initialization completed in 4468 ms
2022-51-14-10:51:20 - HHH000204: Processing PersistenceUnitInfo [name: default]
2022-51-14-10:51:20 - HHH000412: Hibernate ORM core version 5.4.32.Final
2022-51-14-10:51:20 - HCANN000001: Hibernate Commons Annotations {5.1.2.Final}
2022-51-14-10:51:20 - HikariPool-1 - Starting...
2022-51-14-10:51:21 - HikariPool-1 - Start completed.
2022-51-14-10:51:21 - HHH000400: Using dialect: org.hibernate.dialect.PostgreSQLDialect
2022-51-14-10:51:22 - HHH000490: Using JtaPlatform implementation: [org.hibernate.engine.transaction.jta.platform.internal.NoJtaPlatform]
2022-51-14-10:51:22 - Initialized JPA EntityManagerFactory for persistence unit 'default'
2022-51-14-10:51:24 - spring.jpa.open-in-view is enabled by default. Therefore, database queries may be performed during view rendering. Explicitly configure spring.jpa.open-in-view to disable this warning
2022-51-14-10:51:24 - Mapped URL path [/v2/api-docs] onto method [springfox.documentation.swagger2.web.Swagger2Controller#getDocumentation(String, HttpServletRequest)]
2022-51-14-10:51:25 - LiveReload server is running on port 35729
2022-51-14-10:51:25 - Tomcat started on port(s): 8234 (http) with context path ''
2022-51-14-10:51:25 - Context refreshed
2022-51-14-10:51:25 - Found 1 custom documentation plugin(s)
2022-51-14-10:51:25 - Scanning for api listing references
2022-51-14-10:51:26 - Started VehicleLoanAppDemoApplication in 12.019 seconds (JVM running for 13.785)
2022-51-14-10:51:31 - Initializing Spring DispatcherServlet 'dispatcherServlet'
2022-51-14-10:51:31 - Initializing Servlet 'dispatcherServlet'
2022-51-14-10:51:31 - Completed initialization in 6 ms
2022-11-14-11:11:15 - HikariPool-1 - Thread starvation or clock leap detected (housekeeper delta=13m54s217ms418µs700ns).
2022-19-14-11:19:06 - Closing JPA EntityManagerFactory for persistence unit 'default'
2022-19-14-11:19:06 - HikariPool-1 - Shutdown initiated...
2022-19-14-11:19:06 - HikariPool-1 - Shutdown completed.
2022-19-14-11:19:06 - Starting VehicleLoanAppDemoApplication using Java 17.0.2 on LAPTOP-TI39FF3P with PID 4204 (C:\Users\manob\workspace-spring-tool-suite-4-4.14.0.RELEASE\VehicleLoanAppDemo\target\classes started by manob in C:\Users\manob\workspace-spring-tool-suite-4-4.14.0.RELEASE\VehicleLoanAppDemo)
2022-19-14-11:19:06 - No active profile set, falling back to default profiles: default
2022-19-14-11:19:07 - Bootstrapping Spring Data JPA repositories in DEFAULT mode.
2022-19-14-11:19:07 - Finished Spring Data repository scanning in 12 ms. Found 2 JPA repository interfaces.
2022-19-14-11:19:07 - Tomcat initialized with port(s): 8234 (http)
2022-19-14-11:19:07 - Starting service [Tomcat]
2022-19-14-11:19:07 - Starting Servlet engine: [Apache Tomcat/9.0.48]
2022-19-14-11:19:07 - Initializing Spring embedded WebApplicationContext
2022-19-14-11:19:07 - Root WebApplicationContext: initialization completed in 453 ms
2022-19-14-11:19:07 - HHH000204: Processing PersistenceUnitInfo [name: default]
2022-19-14-11:19:07 - HikariPool-2 - Starting...
2022-19-14-11:19:07 - HikariPool-2 - Start completed.
2022-19-14-11:19:07 - HHH000400: Using dialect: org.hibernate.dialect.PostgreSQLDialect
2022-19-14-11:19:07 - HHH000490: Using JtaPlatform implementation: [org.hibernate.engine.transaction.jta.platform.internal.NoJtaPlatform]
2022-19-14-11:19:07 - Initialized JPA EntityManagerFactory for persistence unit 'default'
2022-19-14-11:19:07 - spring.jpa.open-in-view is enabled by default. Therefore, database queries may be performed during view rendering. Explicitly configure spring.jpa.open-in-view to disable this warning
2022-19-14-11:19:07 - Mapped URL path [/v2/api-docs] onto method [springfox.documentation.swagger2.web.Swagger2Controller#getDocumentation(String, HttpServletRequest)]
2022-19-14-11:19:07 - LiveReload server is running on port 35729
2022-19-14-11:19:07 - Tomcat started on port(s): 8234 (http) with context path ''
2022-19-14-11:19:07 - Context refreshed
2022-19-14-11:19:07 - Found 1 custom documentation plugin(s)
2022-19-14-11:19:07 - Scanning for api listing references
2022-19-14-11:19:07 - Started VehicleLoanAppDemoApplication in 1.173 seconds (JVM running for 1675.26)
2022-19-14-11:19:07 - Condition evaluation unchanged
2022-19-14-11:19:16 - Closing JPA EntityManagerFactory for persistence unit 'default'
2022-19-14-11:19:16 - HikariPool-2 - Shutdown initiated...
2022-19-14-11:19:16 - HikariPool-2 - Shutdown completed.
2022-19-14-11:19:16 - Starting VehicleLoanAppDemoApplication using Java 17.0.2 on LAPTOP-TI39FF3P with PID 4204 (C:\Users\manob\workspace-spring-tool-suite-4-4.14.0.RELEASE\VehicleLoanAppDemo\target\classes started by manob in C:\Users\manob\workspace-spring-tool-suite-4-4.14.0.RELEASE\VehicleLoanAppDemo)
2022-19-14-11:19:16 - No active profile set, falling back to default profiles: default
2022-19-14-11:19:16 - Bootstrapping Spring Data JPA repositories in DEFAULT mode.
2022-19-14-11:19:16 - Finished Spring Data repository scanning in 13 ms. Found 2 JPA repository interfaces.
2022-19-14-11:19:16 - Tomcat initialized with port(s): 8234 (http)
2022-19-14-11:19:16 - Starting service [Tomcat]
2022-19-14-11:19:16 - Starting Servlet engine: [Apache Tomcat/9.0.48]
2022-19-14-11:19:16 - Initializing Spring embedded WebApplicationContext
2022-19-14-11:19:16 - Root WebApplicationContext: initialization completed in 315 ms
2022-19-14-11:19:16 - HHH000204: Processing PersistenceUnitInfo [name: default]
2022-19-14-11:19:16 - HikariPool-3 - Starting...
2022-19-14-11:19:16 - HikariPool-3 - Start completed.
2022-19-14-11:19:16 - HHH000400: Using dialect: org.hibernate.dialect.PostgreSQLDialect
2022-19-14-11:19:16 - HHH000490: Using JtaPlatform implementation: [org.hibernate.engine.transaction.jta.platform.internal.NoJtaPlatform]
2022-19-14-11:19:16 - Initialized JPA EntityManagerFactory for persistence unit 'default'
2022-19-14-11:19:17 - spring.jpa.open-in-view is enabled by default. Therefore, database queries may be performed during view rendering. Explicitly configure spring.jpa.open-in-view to disable this warning
2022-19-14-11:19:17 - Mapped URL path [/v2/api-docs] onto method [springfox.documentation.swagger2.web.Swagger2Controller#getDocumentation(String, HttpServletRequest)]
2022-19-14-11:19:17 - LiveReload server is running on port 35729
2022-19-14-11:19:17 - Tomcat started on port(s): 8234 (http) with context path ''
2022-19-14-11:19:17 - Context refreshed
2022-19-14-11:19:17 - Found 1 custom documentation plugin(s)
2022-19-14-11:19:17 - Scanning for api listing references
2022-19-14-11:19:17 - Started VehicleLoanAppDemoApplication in 0.992 seconds (JVM running for 1684.702)
2022-19-14-11:19:17 - Condition evaluation unchanged
2022-19-14-11:19:50 - Closing JPA EntityManagerFactory for persistence unit 'default'
2022-19-14-11:19:50 - HikariPool-3 - Shutdown initiated...
2022-19-14-11:19:50 - HikariPool-3 - Shutdown completed.
2022-19-14-11:19:50 - Starting VehicleLoanAppDemoApplication using Java 17.0.2 on LAPTOP-TI39FF3P with PID 4204 (C:\Users\manob\workspace-spring-tool-suite-4-4.14.0.RELEASE\VehicleLoanAppDemo\target\classes started by manob in C:\Users\manob\workspace-spring-tool-suite-4-4.14.0.RELEASE\VehicleLoanAppDemo)
2022-19-14-11:19:50 - No active profile set, falling back to default profiles: default
2022-19-14-11:19:51 - Bootstrapping Spring Data JPA repositories in DEFAULT mode.
2022-19-14-11:19:51 - Finished Spring Data repository scanning in 9 ms. Found 2 JPA repository interfaces.
2022-19-14-11:19:51 - Tomcat initialized with port(s): 8234 (http)
2022-19-14-11:19:51 - Starting service [Tomcat]
2022-19-14-11:19:51 - Starting Servlet engine: [Apache Tomcat/9.0.48]
2022-19-14-11:19:51 - Initializing Spring embedded WebApplicationContext
2022-19-14-11:19:51 - Root WebApplicationContext: initialization completed in 299 ms
2022-19-14-11:19:51 - HHH000204: Processing PersistenceUnitInfo [name: default]
2022-19-14-11:19:51 - HikariPool-4 - Starting...
2022-19-14-11:19:51 - HikariPool-4 - Start completed.
2022-19-14-11:19:51 - HHH000400: Using dialect: org.hibernate.dialect.PostgreSQLDialect
2022-19-14-11:19:51 - HHH000490: Using JtaPlatform implementation: [org.hibernate.engine.transaction.jta.platform.internal.NoJtaPlatform]
2022-19-14-11:19:51 - Initialized JPA EntityManagerFactory for persistence unit 'default'
2022-19-14-11:19:51 - spring.jpa.open-in-view is enabled by default. Therefore, database queries may be performed during view rendering. Explicitly configure spring.jpa.open-in-view to disable this warning
2022-19-14-11:19:51 - Mapped URL path [/v2/api-docs] onto method [springfox.documentation.swagger2.web.Swagger2Controller#getDocumentation(String, HttpServletRequest)]
2022-19-14-11:19:51 - LiveReload server is running on port 35729
2022-19-14-11:19:51 - Tomcat started on port(s): 8234 (http) with context path ''
2022-19-14-11:19:51 - Context refreshed
2022-19-14-11:19:51 - Found 1 custom documentation plugin(s)
2022-19-14-11:19:51 - Scanning for api listing references
2022-19-14-11:19:51 - Started VehicleLoanAppDemoApplication in 0.853 seconds (JVM running for 1719.158)
2022-19-14-11:19:51 - Condition evaluation unchanged
2022-25-14-11:25:15 - Closing JPA EntityManagerFactory for persistence unit 'default'
2022-25-14-11:25:15 - HikariPool-4 - Shutdown initiated...
2022-25-14-11:25:15 - HikariPool-4 - Shutdown completed.
2022-25-14-11:25:15 - Starting VehicleLoanAppDemoApplication using Java 17.0.2 on LAPTOP-TI39FF3P with PID 4204 (C:\Users\manob\workspace-spring-tool-suite-4-4.14.0.RELEASE\VehicleLoanAppDemo\target\classes started by manob in C:\Users\manob\workspace-spring-tool-suite-4-4.14.0.RELEASE\VehicleLoanAppDemo)
2022-25-14-11:25:15 - No active profile set, falling back to default profiles: default
2022-25-14-11:25:15 - Bootstrapping Spring Data JPA repositories in DEFAULT mode.
2022-25-14-11:25:15 - Finished Spring Data repository scanning in 10 ms. Found 2 JPA repository interfaces.
2022-25-14-11:25:15 - Tomcat initialized with port(s): 8234 (http)
2022-25-14-11:25:15 - Starting service [Tomcat]
2022-25-14-11:25:15 - Starting Servlet engine: [Apache Tomcat/9.0.48]
2022-25-14-11:25:15 - Initializing Spring embedded WebApplicationContext
2022-25-14-11:25:15 - Root WebApplicationContext: initialization completed in 329 ms
2022-25-14-11:25:15 - HHH000204: Processing PersistenceUnitInfo [name: default]
2022-25-14-11:25:15 - HikariPool-5 - Starting...
2022-25-14-11:25:15 - HikariPool-5 - Start completed.
2022-25-14-11:25:15 - HHH000400: Using dialect: org.hibernate.dialect.PostgreSQLDialect
2022-25-14-11:25:15 - HHH000490: Using JtaPlatform implementation: [org.hibernate.engine.transaction.jta.platform.internal.NoJtaPlatform]
2022-25-14-11:25:15 - Initialized JPA EntityManagerFactory for persistence unit 'default'
2022-25-14-11:25:15 - spring.jpa.open-in-view is enabled by default. Therefore, database queries may be performed during view rendering. Explicitly configure spring.jpa.open-in-view to disable this warning
2022-25-14-11:25:15 - Mapped URL path [/v2/api-docs] onto method [springfox.documentation.swagger2.web.Swagger2Controller#getDocumentation(String, HttpServletRequest)]
2022-25-14-11:25:15 - LiveReload server is running on port 35729
2022-25-14-11:25:16 - Tomcat started on port(s): 8234 (http) with context path ''
2022-25-14-11:25:16 - Context refreshed
2022-25-14-11:25:16 - Found 1 custom documentation plugin(s)
2022-25-14-11:25:16 - Scanning for api listing references
2022-25-14-11:25:16 - Started VehicleLoanAppDemoApplication in 0.935 seconds (JVM running for 2043.474)
2022-25-14-11:25:16 - Condition evaluation unchanged
2022-25-14-11:25:26 - Closing JPA EntityManagerFactory for persistence unit 'default'
2022-25-14-11:25:26 - HikariPool-5 - Shutdown initiated...
2022-25-14-11:25:26 - HikariPool-5 - Shutdown completed.
2022-25-14-11:25:26 - Starting VehicleLoanAppDemoApplication using Java 17.0.2 on LAPTOP-TI39FF3P with PID 4204 (C:\Users\manob\workspace-spring-tool-suite-4-4.14.0.RELEASE\VehicleLoanAppDemo\target\classes started by manob in C:\Users\manob\workspace-spring-tool-suite-4-4.14.0.RELEASE\VehicleLoanAppDemo)
2022-25-14-11:25:26 - No active profile set, falling back to default profiles: default
2022-25-14-11:25:26 - Bootstrapping Spring Data JPA repositories in DEFAULT mode.
2022-25-14-11:25:26 - Finished Spring Data repository scanning in 12 ms. Found 3 JPA repository interfaces.
2022-25-14-11:25:26 - Tomcat initialized with port(s): 8234 (http)
2022-25-14-11:25:26 - Starting service [Tomcat]
2022-25-14-11:25:26 - Starting Servlet engine: [Apache Tomcat/9.0.48]
2022-25-14-11:25:26 - Initializing Spring embedded WebApplicationContext
2022-25-14-11:25:26 - Root WebApplicationContext: initialization completed in 309 ms
2022-25-14-11:25:26 - HHH000204: Processing PersistenceUnitInfo [name: default]
2022-25-14-11:25:26 - HikariPool-6 - Starting...
2022-25-14-11:25:27 - HikariPool-6 - Start completed.
2022-25-14-11:25:27 - HHH000400: Using dialect: org.hibernate.dialect.PostgreSQLDialect
2022-25-14-11:25:27 - HHH000490: Using JtaPlatform implementation: [org.hibernate.engine.transaction.jta.platform.internal.NoJtaPlatform]
2022-25-14-11:25:27 - Initialized JPA EntityManagerFactory for persistence unit 'default'
2022-25-14-11:25:27 - spring.jpa.open-in-view is enabled by default. Therefore, database queries may be performed during view rendering. Explicitly configure spring.jpa.open-in-view to disable this warning
2022-25-14-11:25:27 - Mapped URL path [/v2/api-docs] onto method [springfox.documentation.swagger2.web.Swagger2Controller#getDocumentation(String, HttpServletRequest)]
2022-25-14-11:25:27 - LiveReload server is running on port 35729
2022-25-14-11:25:27 - Tomcat started on port(s): 8234 (http) with context path ''
2022-25-14-11:25:27 - Context refreshed
2022-25-14-11:25:27 - Found 1 custom documentation plugin(s)
2022-25-14-11:25:27 - Scanning for api listing references
2022-25-14-11:25:27 - Started VehicleLoanAppDemoApplication in 0.965 seconds (JVM running for 2054.964)
2022-25-14-11:25:27 - Condition evaluation unchanged
2022-26-14-11:26:42 - Closing JPA EntityManagerFactory for persistence unit 'default'
2022-26-14-11:26:42 - HikariPool-6 - Shutdown initiated...
2022-26-14-11:26:42 - HikariPool-6 - Shutdown completed.
2022-26-14-11:26:42 - Starting VehicleLoanAppDemoApplication using Java 17.0.2 on LAPTOP-TI39FF3P with PID 4204 (C:\Users\manob\workspace-spring-tool-suite-4-4.14.0.RELEASE\VehicleLoanAppDemo\target\classes started by manob in C:\Users\manob\workspace-spring-tool-suite-4-4.14.0.RELEASE\VehicleLoanAppDemo)
2022-26-14-11:26:42 - No active profile set, falling back to default profiles: default
2022-26-14-11:26:43 - Bootstrapping Spring Data JPA repositories in DEFAULT mode.
2022-26-14-11:26:43 - Finished Spring Data repository scanning in 10 ms. Found 3 JPA repository interfaces.
2022-26-14-11:26:43 - Tomcat initialized with port(s): 8234 (http)
2022-26-14-11:26:43 - Starting service [Tomcat]
2022-26-14-11:26:43 - Starting Servlet engine: [Apache Tomcat/9.0.48]
2022-26-14-11:26:43 - Initializing Spring embedded WebApplicationContext
2022-26-14-11:26:43 - Root WebApplicationContext: initialization completed in 282 ms
2022-26-14-11:26:43 - HHH000204: Processing PersistenceUnitInfo [name: default]
2022-26-14-11:26:43 - HikariPool-7 - Starting...
2022-26-14-11:26:43 - HikariPool-7 - Start completed.
2022-26-14-11:26:43 - HHH000400: Using dialect: org.hibernate.dialect.PostgreSQLDialect
2022-26-14-11:26:43 - HHH000490: Using JtaPlatform implementation: [org.hibernate.engine.transaction.jta.platform.internal.NoJtaPlatform]
2022-26-14-11:26:43 - Initialized JPA EntityManagerFactory for persistence unit 'default'
2022-26-14-11:26:43 - spring.jpa.open-in-view is enabled by default. Therefore, database queries may be performed during view rendering. Explicitly configure spring.jpa.open-in-view to disable this warning
2022-26-14-11:26:43 - Mapped URL path [/v2/api-docs] onto method [springfox.documentation.swagger2.web.Swagger2Controller#getDocumentation(String, HttpServletRequest)]
2022-26-14-11:26:43 - LiveReload server is running on port 35729
2022-26-14-11:26:43 - Tomcat started on port(s): 8234 (http) with context path ''
2022-26-14-11:26:43 - Context refreshed
2022-26-14-11:26:43 - Found 1 custom documentation plugin(s)
2022-26-14-11:26:43 - Scanning for api listing references
2022-26-14-11:26:43 - Started VehicleLoanAppDemoApplication in 0.796 seconds (JVM running for 2130.971)
2022-26-14-11:26:43 - Condition evaluation unchanged
2022-27-14-11:27:38 - Closing JPA EntityManagerFactory for persistence unit 'default'
2022-27-14-11:27:38 - HikariPool-7 - Shutdown initiated...
2022-27-14-11:27:38 - HikariPool-7 - Shutdown completed.
2022-27-14-11:27:38 - Starting VehicleLoanAppDemoApplication using Java 17.0.2 on LAPTOP-TI39FF3P with PID 4204 (C:\Users\manob\workspace-spring-tool-suite-4-4.14.0.RELEASE\VehicleLoanAppDemo\target\classes started by manob in C:\Users\manob\workspace-spring-tool-suite-4-4.14.0.RELEASE\VehicleLoanAppDemo)
2022-27-14-11:27:38 - No active profile set, falling back to default profiles: default
2022-27-14-11:27:38 - Bootstrapping Spring Data JPA repositories in DEFAULT mode.
2022-27-14-11:27:38 - Finished Spring Data repository scanning in 10 ms. Found 3 JPA repository interfaces.
2022-27-14-11:27:39 - Tomcat initialized with port(s): 8234 (http)
2022-27-14-11:27:39 - Starting service [Tomcat]
2022-27-14-11:27:39 - Starting Servlet engine: [Apache Tomcat/9.0.48]
2022-27-14-11:27:39 - Initializing Spring embedded WebApplicationContext
2022-27-14-11:27:39 - Root WebApplicationContext: initialization completed in 315 ms
2022-27-14-11:27:39 - HHH000204: Processing PersistenceUnitInfo [name: default]
2022-27-14-11:27:39 - HikariPool-8 - Starting...
2022-27-14-11:27:39 - HikariPool-8 - Start completed.
2022-27-14-11:27:39 - HHH000400: Using dialect: org.hibernate.dialect.PostgreSQLDialect
2022-27-14-11:27:39 - HHH000490: Using JtaPlatform implementation: [org.hibernate.engine.transaction.jta.platform.internal.NoJtaPlatform]
2022-27-14-11:27:39 - Initialized JPA EntityManagerFactory for persistence unit 'default'
2022-27-14-11:27:39 - spring.jpa.open-in-view is enabled by default. Therefore, database queries may be performed during view rendering. Explicitly configure spring.jpa.open-in-view to disable this warning
2022-27-14-11:27:39 - Mapped URL path [/v2/api-docs] onto method [springfox.documentation.swagger2.web.Swagger2Controller#getDocumentation(String, HttpServletRequest)]
2022-27-14-11:27:39 - LiveReload server is running on port 35729
2022-27-14-11:27:39 - Tomcat started on port(s): 8234 (http) with context path ''
2022-27-14-11:27:39 - Context refreshed
2022-27-14-11:27:39 - Found 1 custom documentation plugin(s)
2022-27-14-11:27:39 - Scanning for api listing references
2022-27-14-11:27:39 - Started VehicleLoanAppDemoApplication in 0.924 seconds (JVM running for 2186.995)
2022-27-14-11:27:39 - Condition evaluation unchanged
2022-28-14-11:28:16 - Closing JPA EntityManagerFactory for persistence unit 'default'
2022-28-14-11:28:16 - HikariPool-8 - Shutdown initiated...
2022-28-14-11:28:16 - HikariPool-8 - Shutdown completed.
2022-28-14-11:28:16 - Starting VehicleLoanAppDemoApplication using Java 17.0.2 on LAPTOP-TI39FF3P with PID 4204 (C:\Users\manob\workspace-spring-tool-suite-4-4.14.0.RELEASE\VehicleLoanAppDemo\target\classes started by manob in C:\Users\manob\workspace-spring-tool-suite-4-4.14.0.RELEASE\VehicleLoanAppDemo)
2022-28-14-11:28:16 - No active profile set, falling back to default profiles: default
2022-28-14-11:28:16 - Bootstrapping Spring Data JPA repositories in DEFAULT mode.
2022-28-14-11:28:16 - Finished Spring Data repository scanning in 9 ms. Found 3 JPA repository interfaces.
2022-28-14-11:28:16 - Tomcat initialized with port(s): 8234 (http)
2022-28-14-11:28:16 - Starting service [Tomcat]
2022-28-14-11:28:16 - Starting Servlet engine: [Apache Tomcat/9.0.48]
2022-28-14-11:28:16 - Initializing Spring embedded WebApplicationContext
2022-28-14-11:28:16 - Root WebApplicationContext: initialization completed in 301 ms
2022-28-14-11:28:16 - HHH000204: Processing PersistenceUnitInfo [name: default]
2022-28-14-11:28:16 - HikariPool-9 - Starting...
2022-28-14-11:28:16 - HikariPool-9 - Start completed.
2022-28-14-11:28:16 - HHH000400: Using dialect: org.hibernate.dialect.PostgreSQLDialect
2022-28-14-11:28:17 - HHH000490: Using JtaPlatform implementation: [org.hibernate.engine.transaction.jta.platform.internal.NoJtaPlatform]
2022-28-14-11:28:17 - Initialized JPA EntityManagerFactory for persistence unit 'default'
2022-28-14-11:28:17 - spring.jpa.open-in-view is enabled by default. Therefore, database queries may be performed during view rendering. Explicitly configure spring.jpa.open-in-view to disable this warning
2022-28-14-11:28:17 - Mapped URL path [/v2/api-docs] onto method [springfox.documentation.swagger2.web.Swagger2Controller#getDocumentation(String, HttpServletRequest)]
2022-28-14-11:28:17 - LiveReload server is running on port 35729
2022-28-14-11:28:17 - Tomcat started on port(s): 8234 (http) with context path ''
2022-28-14-11:28:17 - Context refreshed
2022-28-14-11:28:17 - Found 1 custom documentation plugin(s)
2022-28-14-11:28:17 - Scanning for api listing references
2022-28-14-11:28:17 - Started VehicleLoanAppDemoApplication in 0.854 seconds (JVM running for 2224.763)
2022-28-14-11:28:17 - Condition evaluation unchanged
2022-29-14-11:29:54 - Closing JPA EntityManagerFactory for persistence unit 'default'
2022-29-14-11:29:54 - HikariPool-9 - Shutdown initiated...
2022-29-14-11:29:54 - HikariPool-9 - Shutdown completed.
2022-29-14-11:29:54 - Starting VehicleLoanAppDemoApplication using Java 17.0.2 on LAPTOP-TI39FF3P with PID 4204 (C:\Users\manob\workspace-spring-tool-suite-4-4.14.0.RELEASE\VehicleLoanAppDemo\target\classes started by manob in C:\Users\manob\workspace-spring-tool-suite-4-4.14.0.RELEASE\VehicleLoanAppDemo)
2022-29-14-11:29:54 - No active profile set, falling back to default profiles: default
2022-29-14-11:29:54 - Bootstrapping Spring Data JPA repositories in DEFAULT mode.
2022-29-14-11:29:54 - Finished Spring Data repository scanning in 10 ms. Found 3 JPA repository interfaces.
2022-29-14-11:29:54 - Tomcat initialized with port(s): 8234 (http)
2022-29-14-11:29:54 - Starting service [Tomcat]
2022-29-14-11:29:54 - Starting Servlet engine: [Apache Tomcat/9.0.48]
2022-29-14-11:29:54 - Initializing Spring embedded WebApplicationContext
2022-29-14-11:29:54 - Root WebApplicationContext: initialization completed in 281 ms
2022-29-14-11:29:54 - HHH000204: Processing PersistenceUnitInfo [name: default]
2022-29-14-11:29:54 - HikariPool-10 - Starting...
2022-29-14-11:29:54 - HikariPool-10 - Start completed.
2022-29-14-11:29:54 - HHH000400: Using dialect: org.hibernate.dialect.PostgreSQLDialect
2022-29-14-11:29:54 - HHH000490: Using JtaPlatform implementation: [org.hibernate.engine.transaction.jta.platform.internal.NoJtaPlatform]
2022-29-14-11:29:54 - Initialized JPA EntityManagerFactory for persistence unit 'default'
2022-29-14-11:29:54 - spring.jpa.open-in-view is enabled by default. Therefore, database queries may be performed during view rendering. Explicitly configure spring.jpa.open-in-view to disable this warning
2022-29-14-11:29:54 - Mapped URL path [/v2/api-docs] onto method [springfox.documentation.swagger2.web.Swagger2Controller#getDocumentation(String, HttpServletRequest)]
2022-29-14-11:29:54 - LiveReload server is running on port 35729
2022-29-14-11:29:54 - Tomcat started on port(s): 8234 (http) with context path ''
2022-29-14-11:29:54 - Context refreshed
2022-29-14-11:29:54 - Found 1 custom documentation plugin(s)
2022-29-14-11:29:54 - Scanning for api listing references
2022-29-14-11:29:55 - Started VehicleLoanAppDemoApplication in 0.955 seconds (JVM running for 2322.412)
2022-29-14-11:29:55 - Condition evaluation unchanged
2022-30-14-11:30:02 - Closing JPA EntityManagerFactory for persistence unit 'default'
2022-30-14-11:30:02 - HikariPool-10 - Shutdown initiated...
2022-30-14-11:30:02 - HikariPool-10 - Shutdown completed.
2022-30-14-11:30:02 - Starting VehicleLoanAppDemoApplication using Java 17.0.2 on LAPTOP-TI39FF3P with PID 4204 (C:\Users\manob\workspace-spring-tool-suite-4-4.14.0.RELEASE\VehicleLoanAppDemo\target\classes started by manob in C:\Users\manob\workspace-spring-tool-suite-4-4.14.0.RELEASE\VehicleLoanAppDemo)
2022-30-14-11:30:02 - No active profile set, falling back to default profiles: default
2022-30-14-11:30:02 - Bootstrapping Spring Data JPA repositories in DEFAULT mode.
2022-30-14-11:30:02 - Finished Spring Data repository scanning in 9 ms. Found 3 JPA repository interfaces.
2022-30-14-11:30:02 - Tomcat initialized with port(s): 8234 (http)
2022-30-14-11:30:02 - Starting service [Tomcat]
2022-30-14-11:30:02 - Starting Servlet engine: [Apache Tomcat/9.0.48]
2022-30-14-11:30:02 - Initializing Spring embedded WebApplicationContext
2022-30-14-11:30:02 - Root WebApplicationContext: initialization completed in 328 ms
2022-30-14-11:30:02 - HHH000204: Processing PersistenceUnitInfo [name: default]
2022-30-14-11:30:02 - HikariPool-11 - Starting...
2022-30-14-11:30:03 - HikariPool-11 - Start completed.
2022-30-14-11:30:03 - HHH000400: Using dialect: org.hibernate.dialect.PostgreSQLDialect
2022-30-14-11:30:03 - HHH000490: Using JtaPlatform implementation: [org.hibernate.engine.transaction.jta.platform.internal.NoJtaPlatform]
2022-30-14-11:30:03 - Initialized JPA EntityManagerFactory for persistence unit 'default'
2022-30-14-11:30:03 - spring.jpa.open-in-view is enabled by default. Therefore, database queries may be performed during view rendering. Explicitly configure spring.jpa.open-in-view to disable this warning
2022-30-14-11:30:03 - Mapped URL path [/v2/api-docs] onto method [springfox.documentation.swagger2.web.Swagger2Controller#getDocumentation(String, HttpServletRequest)]
2022-30-14-11:30:03 - LiveReload server is running on port 35729
2022-30-14-11:30:03 - Tomcat started on port(s): 8234 (http) with context path ''
2022-30-14-11:30:03 - Context refreshed
2022-30-14-11:30:03 - Found 1 custom documentation plugin(s)
2022-30-14-11:30:03 - Scanning for api listing references
2022-30-14-11:30:03 - Started VehicleLoanAppDemoApplication in 0.898 seconds (JVM running for 2330.853)
2022-30-14-11:30:03 - Condition evaluation unchanged
2022-30-14-11:30:55 - Closing JPA EntityManagerFactory for persistence unit 'default'
2022-30-14-11:30:55 - HikariPool-11 - Shutdown initiated...
2022-30-14-11:30:55 - HikariPool-11 - Shutdown completed.
2022-30-14-11:30:55 - Starting VehicleLoanAppDemoApplication using Java 17.0.2 on LAPTOP-TI39FF3P with PID 4204 (C:\Users\manob\workspace-spring-tool-suite-4-4.14.0.RELEASE\VehicleLoanAppDemo\target\classes started by manob in C:\Users\manob\workspace-spring-tool-suite-4-4.14.0.RELEASE\VehicleLoanAppDemo)
2022-30-14-11:30:55 - No active profile set, falling back to default profiles: default
2022-30-14-11:30:55 - Bootstrapping Spring Data JPA repositories in DEFAULT mode.
2022-30-14-11:30:55 - Finished Spring Data repository scanning in 9 ms. Found 3 JPA repository interfaces.
2022-30-14-11:30:55 - Tomcat initialized with port(s): 8234 (http)
2022-30-14-11:30:55 - Starting service [Tomcat]
2022-30-14-11:30:55 - Starting Servlet engine: [Apache Tomcat/9.0.48]
2022-30-14-11:30:55 - Initializing Spring embedded WebApplicationContext
2022-30-14-11:30:55 - Root WebApplicationContext: initialization completed in 270 ms
2022-30-14-11:30:55 - HHH000204: Processing PersistenceUnitInfo [name: default]
2022-30-14-11:30:55 - HikariPool-12 - Starting...
2022-30-14-11:30:55 - HikariPool-12 - Start completed.
2022-30-14-11:30:55 - HHH000400: Using dialect: org.hibernate.dialect.PostgreSQLDialect
2022-30-14-11:30:56 - HHH000490: Using JtaPlatform implementation: [org.hibernate.engine.transaction.jta.platform.internal.NoJtaPlatform]
2022-30-14-11:30:56 - Initialized JPA EntityManagerFactory for persistence unit 'default'
2022-30-14-11:30:56 - spring.jpa.open-in-view is enabled by default. Therefore, database queries may be performed during view rendering. Explicitly configure spring.jpa.open-in-view to disable this warning
2022-30-14-11:30:56 - Mapped URL path [/v2/api-docs] onto method [springfox.documentation.swagger2.web.Swagger2Controller#getDocumentation(String, HttpServletRequest)]
2022-30-14-11:30:56 - LiveReload server is running on port 35729
2022-30-14-11:30:56 - Tomcat started on port(s): 8234 (http) with context path ''
2022-30-14-11:30:56 - Context refreshed
2022-30-14-11:30:56 - Found 1 custom documentation plugin(s)
2022-30-14-11:30:56 - Scanning for api listing references
2022-30-14-11:30:56 - Started VehicleLoanAppDemoApplication in 0.756 seconds (JVM running for 2383.714)
2022-30-14-11:30:56 - Condition evaluation unchanged
2022-35-14-11:35:50 - Closing JPA EntityManagerFactory for persistence unit 'default'
2022-35-14-11:35:50 - HikariPool-12 - Shutdown initiated...
2022-35-14-11:35:50 - HikariPool-12 - Shutdown completed.
2022-35-14-11:35:50 - Starting VehicleLoanAppDemoApplication using Java 17.0.2 on LAPTOP-TI39FF3P with PID 4204 (C:\Users\manob\workspace-spring-tool-suite-4-4.14.0.RELEASE\VehicleLoanAppDemo\target\classes started by manob in C:\Users\manob\workspace-spring-tool-suite-4-4.14.0.RELEASE\VehicleLoanAppDemo)
2022-35-14-11:35:50 - No active profile set, falling back to default profiles: default
2022-35-14-11:35:50 - Bootstrapping Spring Data JPA repositories in DEFAULT mode.
2022-35-14-11:35:50 - Finished Spring Data repository scanning in 11 ms. Found 3 JPA repository interfaces.
2022-35-14-11:35:50 - Tomcat initialized with port(s): 8234 (http)
2022-35-14-11:35:50 - Starting service [Tomcat]
2022-35-14-11:35:50 - Starting Servlet engine: [Apache Tomcat/9.0.48]
2022-35-14-11:35:50 - Initializing Spring embedded WebApplicationContext
2022-35-14-11:35:50 - Root WebApplicationContext: initialization completed in 332 ms
2022-35-14-11:35:50 - HHH000204: Processing PersistenceUnitInfo [name: default]
2022-35-14-11:35:50 - HikariPool-13 - Starting...
2022-35-14-11:35:50 - HikariPool-13 - Start completed.
2022-35-14-11:35:50 - HHH000400: Using dialect: org.hibernate.dialect.PostgreSQLDialect
2022-35-14-11:35:51 - HHH000490: Using JtaPlatform implementation: [org.hibernate.engine.transaction.jta.platform.internal.NoJtaPlatform]
2022-35-14-11:35:51 - Initialized JPA EntityManagerFactory for persistence unit 'default'
2022-35-14-11:35:51 - spring.jpa.open-in-view is enabled by default. Therefore, database queries may be performed during view rendering. Explicitly configure spring.jpa.open-in-view to disable this warning
2022-35-14-11:35:51 - Mapped URL path [/v2/api-docs] onto method [springfox.documentation.swagger2.web.Swagger2Controller#getDocumentation(String, HttpServletRequest)]
2022-35-14-11:35:51 - LiveReload server is running on port 35729
2022-35-14-11:35:51 - Tomcat started on port(s): 8234 (http) with context path ''
2022-35-14-11:35:51 - Context refreshed
2022-35-14-11:35:51 - Found 1 custom documentation plugin(s)
2022-35-14-11:35:51 - Scanning for api listing references
2022-35-14-11:35:51 - Started VehicleLoanAppDemoApplication in 1.076 seconds (JVM running for 2678.897)
2022-35-14-11:35:51 - Condition evaluation unchanged
2022-36-14-11:36:21 - Application shutdown requested.
2022-36-14-11:36:21 - Closing JPA EntityManagerFactory for persistence unit 'default'
2022-36-14-11:36:21 - HikariPool-13 - Shutdown initiated...
2022-36-14-11:36:21 - HikariPool-13 - Shutdown completed.
